<?xml version="1.0" encoding="UTF-8"?>
<testng-results skipped="0" failed="0" total="1" passed="1">
  <reporter-output>
  </reporter-output>
  <suite name="Suite" duration-ms="26" started-at="2020-06-19T14:49:41Z" finished-at="2020-06-19T14:49:41Z">
    <groups>
    </groups>
    <test name="Test" duration-ms="26" started-at="2020-06-19T14:49:41Z" finished-at="2020-06-19T14:49:41Z">
      <class name="seleniumwithmaven.Login">
        <test-method status="PASS" signature="seleniumwithmaven()" name="seleniumwithmaven" duration-ms="13" started-at="2020-06-19T14:49:41Z" finished-at="2020-06-19T14:49:41Z">
        </test-method>
      </class>
    </test>
  </suite>
</testng-results>
